<?xml version="1.0" encoding="UTF-8"?>
<!-- Generated by org.testng.reporters.JUnitReportReporter -->
<testsuite hostname="LAPTOP-EOTMC265" failures="0" tests="1" name="sample.demo" time="0.020" errors="0" timestamp="2025-02-05T11:12:21 IST" skipped="0">
  <testcase classname="sample.demo" name="practice" time="0.020"/>
</testsuite> <!-- sample.demo -->
